<?xml version="1.0" encoding="UTF-8"?>
<testsuite name="edu.jsu.mcis.TestShell" tests="8" skipped="0" failures="0" errors="0" timestamp="2017-02-24T06:26:18" hostname="DESKTOP-97PCTG5" time="0.243">
  <properties/>
  <testcase name="testGetAssignmentList" classname="edu.jsu.mcis.TestShell" time="0.091"/>
  <testcase name="testAssignmentGetMaxScoreID" classname="edu.jsu.mcis.TestShell" time="0.013"/>
  <testcase name="testAssignmentGetMaxScore" classname="edu.jsu.mcis.TestShell" time="0.013"/>
  <testcase name="testGetAllCourseIDs" classname="edu.jsu.mcis.TestShell" time="0.015"/>
  <testcase name="testGetAllStudentIDs" classname="edu.jsu.mcis.TestShell" time="0.023"/>
  <testcase name="testGetStudentInfoByID" classname="edu.jsu.mcis.TestShell" time="0.02"/>
  <testcase name="testGetCourseInfoByID" classname="edu.jsu.mcis.TestShell" time="0.018"/>
  <testcase name="testExceptionThrownWithInvalidID" classname="edu.jsu.mcis.TestShell" time="0.023"/>
  <system-out><![CDATA[]]></system-out>
  <system-err><![CDATA[]]></system-err>
</testsuite>
