<?xml version="1.0" encoding="UTF-8"?>
<testsuite name="edu.jsu.mcis.TestShell" tests="3" skipped="0" failures="0" errors="0" timestamp="2017-02-20T19:48:18" hostname="DESKTOP-97PCTG5" time="0.155">
  <properties/>
  <testcase name="testGetStudentInfoByID" classname="edu.jsu.mcis.TestShell" time="0.079"/>
  <testcase name="testGetCourseInfoByID" classname="edu.jsu.mcis.TestShell" time="0.029"/>
  <testcase name="testExceptionThrownWithInvalidID" classname="edu.jsu.mcis.TestShell" time="0.039"/>
  <system-out><![CDATA[]]></system-out>
  <system-err><![CDATA[]]></system-err>
</testsuite>
