<?xml version="1.0" encoding="UTF-8"?>
<testsuite name="edu.jsu.mcis.TestShell" tests="5" skipped="0" failures="0" errors="0" timestamp="2017-02-22T17:18:14" hostname="DESKTOP-53SI4Q1" time="0.055">
  <properties/>
  <testcase name="testGetAllCourseIDs" classname="edu.jsu.mcis.TestShell" time="0.027"/>
  <testcase name="testGetAllStudentIDs" classname="edu.jsu.mcis.TestShell" time="0.009"/>
  <testcase name="testGetStudentInfoByID" classname="edu.jsu.mcis.TestShell" time="0.005"/>
  <testcase name="testGetCourseInfoByID" classname="edu.jsu.mcis.TestShell" time="0.003"/>
  <testcase name="testExceptionThrownWithInvalidID" classname="edu.jsu.mcis.TestShell" time="0.005"/>
  <system-out><![CDATA[]]></system-out>
  <system-err><![CDATA[]]></system-err>
</testsuite>
