<?xml version="1.0" encoding="UTF-8"?>
<testsuite name="edu.jsu.mcis.TestShell" tests="8" skipped="0" failures="0" errors="0" timestamp="2017-02-23T23:43:20" hostname="DESKTOP-97PCTG5" time="0.204">
  <properties/>
  <testcase name="testGetAssignmentList" classname="edu.jsu.mcis.TestShell" time="0.078"/>
  <testcase name="testAssignmentGetMaxScoreID" classname="edu.jsu.mcis.TestShell" time="0.016"/>
  <testcase name="testAssignmentGetMaxScore" classname="edu.jsu.mcis.TestShell" time="0.015"/>
  <testcase name="testGetAllCourseIDs" classname="edu.jsu.mcis.TestShell" time="0.016"/>
  <testcase name="testGetAllStudentIDs" classname="edu.jsu.mcis.TestShell" time="0.031"/>
  <testcase name="testGetStudentInfoByID" classname="edu.jsu.mcis.TestShell" time="0.01"/>
  <testcase name="testGetCourseInfoByID" classname="edu.jsu.mcis.TestShell" time="0.005"/>
  <testcase name="testExceptionThrownWithInvalidID" classname="edu.jsu.mcis.TestShell" time="0.015"/>
  <system-out><![CDATA[]]></system-out>
  <system-err><![CDATA[]]></system-err>
</testsuite>
