<?xml version="1.0" encoding="UTF-8"?>
<testsuite name="edu.jsu.mcis.TestShell" tests="3" skipped="0" failures="0" errors="0" timestamp="2017-02-22T02:08:48" hostname="DESKTOP-53SI4Q1" time="0.045">
  <properties/>
  <testcase name="testGetStudentInfoByID" classname="edu.jsu.mcis.TestShell" time="0.032"/>
  <testcase name="testGetCourseInfoByID" classname="edu.jsu.mcis.TestShell" time="0.005"/>
  <testcase name="testExceptionThrownWithInvalidID" classname="edu.jsu.mcis.TestShell" time="0.004"/>
  <system-out><![CDATA[]]></system-out>
  <system-err><![CDATA[]]></system-err>
</testsuite>
