<?xml version="1.0" encoding="UTF-8"?>
<testsuite name="edu.jsu.mcis.TestShell" tests="5" skipped="0" failures="0" errors="0" timestamp="2017-02-22T17:46:55" hostname="DESKTOP-53SI4Q1" time="0.087">
  <properties/>
  <testcase name="testGetAllCourseIDs" classname="edu.jsu.mcis.TestShell" time="0.042"/>
  <testcase name="testGetAllStudentIDs" classname="edu.jsu.mcis.TestShell" time="0.011"/>
  <testcase name="testGetStudentInfoByID" classname="edu.jsu.mcis.TestShell" time="0.006"/>
  <testcase name="testGetCourseInfoByID" classname="edu.jsu.mcis.TestShell" time="0.008"/>
  <testcase name="testExceptionThrownWithInvalidID" classname="edu.jsu.mcis.TestShell" time="0.012"/>
  <system-out><![CDATA[]]></system-out>
  <system-err><![CDATA[]]></system-err>
</testsuite>
