<?xml version="1.0" encoding="UTF-8"?>
<testsuite name="edu.jsu.mcis.ConnectToWebServiceTest" tests="4" skipped="0" failures="0" errors="0" timestamp="2017-04-13T21:39:58" hostname="DESKTOP-53SI4Q1" time="0.085">
  <properties/>
  <testcase name="testCreateConnectionToStudentList" classname="edu.jsu.mcis.ConnectToWebServiceTest" time="0.044"/>
  <testcase name="testExceptionThrownWithMalformedURL" classname="edu.jsu.mcis.ConnectToWebServiceTest" time="0.017"/>
  <testcase name="testCreateConnectionToCourseGrades" classname="edu.jsu.mcis.ConnectToWebServiceTest" time="0.006"/>
  <testcase name="testCreateConnectionToStudent" classname="edu.jsu.mcis.ConnectToWebServiceTest" time="0.016"/>
  <system-out><![CDATA[]]></system-out>
  <system-err><![CDATA[]]></system-err>
</testsuite>
