<?xml version="1.0" encoding="UTF-8"?>
<testsuite name="edu.jsu.mcis.DatabaseTest" tests="9" skipped="0" failures="0" errors="0" timestamp="2017-04-13T21:39:58" hostname="DESKTOP-53SI4Q1" time="23.0">
  <properties/>
  <testcase name="testGetAllCourseIDsArray" classname="edu.jsu.mcis.DatabaseTest" time="3.096"/>
  <testcase name="testCourseGetters" classname="edu.jsu.mcis.DatabaseTest" time="2.134"/>
  <testcase name="testExceptionThrownWithInvalidStudentID" classname="edu.jsu.mcis.DatabaseTest" time="2.118"/>
  <testcase name="testGetAllCourseIDs" classname="edu.jsu.mcis.DatabaseTest" time="1.775"/>
  <testcase name="testExceptionThrownWithInvalidCourseID" classname="edu.jsu.mcis.DatabaseTest" time="2.042"/>
  <testcase name="testGetAllStudentIDs" classname="edu.jsu.mcis.DatabaseTest" time="3.13"/>
  <testcase name="testGetStudentInfoByID" classname="edu.jsu.mcis.DatabaseTest" time="3.206"/>
  <testcase name="testGetCourseInfoByID" classname="edu.jsu.mcis.DatabaseTest" time="3.417"/>
  <testcase name="testStudentGetters" classname="edu.jsu.mcis.DatabaseTest" time="2.075"/>
  <system-out><![CDATA[Total
Assignment 1
Assignment 2
Assignment 3
Assignment 4
Assignment 5
Assignment 6
Assignment 7
Assignment 8
Assignment 9
Exam 1
Total
Assignment 1
Assignment 2
Assignment 3
Exam 1
Exam 2
Exam 3
Total
Assignment 1
Assignment 2
Assignment 3
Assignment 4
Assignment 5
Assignment 6
Assignment 7
Assignment 8
Exam 1
Exam 2
Exam 3
Total
Assignment 1
Assignment 2
Assignment 3
Exam 1
Exam 2
Exam 3
Total
Assignment 1
Assignment 2
Assignment 3
Assignment 4
Assignment 5
Assignment 6
Assignment 7
Assignment 8
Exam 1
Total
Assignment 1
Assignment 2
Assignment 3
Assignment 4
Assignment 5
Exam 1
Exam 2
Total
Assignment 1
Assignment 2
Assignment 3
Exam 1
Exam 2
Exam 3
Exam 4
Total
Assignment 1
Assignment 2
Assignment 3
Assignment 4
Assignment 5
Assignment 6
Assignment 7
Exam 1
Total
Assignment 1
Assignment 2
Assignment 3
Assignment 4
Assignment 5
Assignment 6
Assignment 7
Assignment 8
Assignment 9
Assignment 10
Exam 1
Exam 2
Exam 3
Total
Assignment 1
Assignment 2
Assignment 3
Assignment 4
Assignment 5
Assignment 6
Assignment 7
Assignment 8
Assignment 9
Assignment 10
Exam 1
Exam 2
Total
Assignment 1
Assignment 2
Assignment 3
Exam 1
Total
Assignment 1
Assignment 2
Assignment 3
Assignment 4
Assignment 5
Assignment 6
Assignment 7
Assignment 8
Assignment 9
Assignment 10
Exam 1
Total
Assignment 1
Assignment 2
Assignment 3
Exam 1
Exam 2
Exam 3
Total
Assignment 1
Assignment 2
Exam 1
Exam 2
Exam 3
Total
Assignment 1
Assignment 2
Assignment 3
Assignment 4
Assignment 5
Exam 1
Total
Assignment 1
Assignment 2
Assignment 3
Assignment 4
Assignment 5
Assignment 6
Assignment 7
Assignment 8
Assignment 9
Exam 1
Total
Assignment 1
Assignment 2
Assignment 3
Assignment 4
Assignment 5
Assignment 6
Exam 1
Exam 2
Exam 3
Total
Assignment 1
Assignment 2
Assignment 3
Assignment 4
Assignment 5
Assignment 6
Assignment 7
Assignment 8
Assignment 9
Assignment 10
Exam 1
Exam 2
Exam 3
Total
Assignment 1
Assignment 2
Assignment 3
Assignment 4
Assignment 5
Assignment 6
Exam 1
Exam 2
Total
Assignment 1
Assignment 2
Assignment 3
Assignment 4
Exam 1
Exam 2
Total
Assignment 1
Assignment 2
Assignment 3
Assignment 4
Exam 1
Exam 2
Exam 3
Total
Assignment 1
Assignment 2
Assignment 3
Exam 1
Exam 2
Total
Assignment 1
Assignment 2
Assignment 3
Assignment 4
Assignment 5
Assignment 6
Exam 1
Exam 2
Total
Assignment 1
Assignment 2
Assignment 3
Assignment 4
Assignment 5
Assignment 6
Assignment 7
Assignment 8
Assignment 9
Assignment 10
Exam 1
Total
Assignment 1
Assignment 2
Assignment 3
Assignment 4
Assignment 5
Assignment 6
Exam 1
Exam 2
Exam 3
Total
Assignment 1
Assignment 2
Assignment 3
Assignment 4
Assignment 5
Assignment 6
Assignment 7
Assignment 8
Assignment 9
Exam 1
Total
Assignment 1
Assignment 2
Assignment 3
Exam 1
Exam 2
Exam 3
Total
Assignment 1
Assignment 2
Assignment 3
Assignment 4
Assignment 5
Assignment 6
Assignment 7
Assignment 8
Exam 1
Exam 2
Exam 3
Total
Assignment 1
Assignment 2
Assignment 3
Exam 1
Exam 2
Exam 3
Total
Assignment 1
Assignment 2
Assignment 3
Assignment 4
Assignment 5
Assignment 6
Assignment 7
Assignment 8
Exam 1
Total
Assignment 1
Assignment 2
Assignment 3
Assignment 4
Assignment 5
Exam 1
Exam 2
Total
Assignment 1
Assignment 2
Assignment 3
Exam 1
Exam 2
Exam 3
Exam 4
Total
Assignment 1
Assignment 2
Assignment 3
Assignment 4
Assignment 5
Assignment 6
Assignment 7
Exam 1
Total
Assignment 1
Assignment 2
Assignment 3
Assignment 4
Assignment 5
Assignment 6
Assignment 7
Assignment 8
Assignment 9
Assignment 10
Exam 1
Exam 2
Exam 3
Total
Assignment 1
Assignment 2
Assignment 3
Assignment 4
Assignment 5
Assignment 6
Assignment 7
Assignment 8
Assignment 9
Assignment 10
Exam 1
Exam 2
Total
Assignment 1
Assignment 2
Assignment 3
Exam 1
Total
Assignment 1
Assignment 2
Assignment 3
Assignment 4
Assignment 5
Assignment 6
Assignment 7
Assignment 8
Assignment 9
Assignment 10
Exam 1
Total
Assignment 1
Assignment 2
Assignment 3
Exam 1
Exam 2
Exam 3
Total
Assignment 1
Assignment 2
Exam 1
Exam 2
Exam 3
Total
Assignment 1
Assignment 2
Assignment 3
Assignment 4
Assignment 5
Exam 1
Total
Assignment 1
Assignment 2
Assignment 3
Assignment 4
Assignment 5
Assignment 6
Assignment 7
Assignment 8
Assignment 9
Exam 1
Total
Assignment 1
Assignment 2
Assignment 3
Assignment 4
Assignment 5
Assignment 6
Exam 1
Exam 2
Exam 3
Total
Assignment 1
Assignment 2
Assignment 3
Assignment 4
Assignment 5
Assignment 6
Assignment 7
Assignment 8
Assignment 9
Assignment 10
Exam 1
Exam 2
Exam 3
Total
Assignment 1
Assignment 2
Assignment 3
Assignment 4
Assignment 5
Assignment 6
Exam 1
Exam 2
Total
Assignment 1
Assignment 2
Assignment 3
Assignment 4
Exam 1
Exam 2
Total
Assignment 1
Assignment 2
Assignment 3
Assignment 4
Exam 1
Exam 2
Exam 3
Total
Assignment 1
Assignment 2
Assignment 3
Exam 1
Exam 2
Total
Assignment 1
Assignment 2
Assignment 3
Assignment 4
Assignment 5
Assignment 6
Exam 1
Exam 2
Total
Assignment 1
Assignment 2
Assignment 3
Assignment 4
Assignment 5
Assignment 6
Assignment 7
Assignment 8
Assignment 9
Assignment 10
Exam 1
Total
Assignment 1
Assignment 2
Assignment 3
Assignment 4
Assignment 5
Assignment 6
Exam 1
Exam 2
Exam 3
Total
Assignment 1
Assignment 2
Assignment 3
Assignment 4
Assignment 5
Assignment 6
Assignment 7
Assignment 8
Assignment 9
Exam 1
Total
Assignment 1
Assignment 2
Assignment 3
Exam 1
Exam 2
Exam 3
Total
Assignment 1
Assignment 2
Assignment 3
Assignment 4
Assignment 5
Assignment 6
Assignment 7
Assignment 8
Exam 1
Exam 2
Exam 3
Total
Assignment 1
Assignment 2
Assignment 3
Exam 1
Exam 2
Exam 3
Total
Assignment 1
Assignment 2
Assignment 3
Assignment 4
Assignment 5
Assignment 6
Assignment 7
Assignment 8
Exam 1
Total
Assignment 1
Assignment 2
Assignment 3
Assignment 4
Assignment 5
Exam 1
Exam 2
Total
Assignment 1
Assignment 2
Assignment 3
Exam 1
Exam 2
Exam 3
Exam 4
Total
Assignment 1
Assignment 2
Assignment 3
Assignment 4
Assignment 5
Assignment 6
Assignment 7
Exam 1
Total
Assignment 1
Assignment 2
Assignment 3
Assignment 4
Assignment 5
Assignment 6
Assignment 7
Assignment 8
Assignment 9
Assignment 10
Exam 1
Exam 2
Exam 3
Total
Assignment 1
Assignment 2
Assignment 3
Assignment 4
Assignment 5
Assignment 6
Assignment 7
Assignment 8
Assignment 9
Assignment 10
Exam 1
Exam 2
Total
Assignment 1
Assignment 2
Assignment 3
Exam 1
Total
Assignment 1
Assignment 2
Assignment 3
Assignment 4
Assignment 5
Assignment 6
Assignment 7
Assignment 8
Assignment 9
Assignment 10
Exam 1
Total
Assignment 1
Assignment 2
Assignment 3
Exam 1
Exam 2
Exam 3
Total
Assignment 1
Assignment 2
Exam 1
Exam 2
Exam 3
Total
Assignment 1
Assignment 2
Assignment 3
Assignment 4
Assignment 5
Exam 1
Total
Assignment 1
Assignment 2
Assignment 3
Assignment 4
Assignment 5
Assignment 6
Assignment 7
Assignment 8
Assignment 9
Exam 1
Total
Assignment 1
Assignment 2
Assignment 3
Assignment 4
Assignment 5
Assignment 6
Exam 1
Exam 2
Exam 3
Total
Assignment 1
Assignment 2
Assignment 3
Assignment 4
Assignment 5
Assignment 6
Assignment 7
Assignment 8
Assignment 9
Assignment 10
Exam 1
Exam 2
Exam 3
Total
Assignment 1
Assignment 2
Assignment 3
Assignment 4
Assignment 5
Assignment 6
Exam 1
Exam 2
Total
Assignment 1
Assignment 2
Assignment 3
Assignment 4
Exam 1
Exam 2
Total
Assignment 1
Assignment 2
Assignment 3
Assignment 4
Exam 1
Exam 2
Exam 3
Total
Assignment 1
Assignment 2
Assignment 3
Exam 1
Exam 2
Total
Assignment 1
Assignment 2
Assignment 3
Assignment 4
Assignment 5
Assignment 6
Exam 1
Exam 2
Total
Assignment 1
Assignment 2
Assignment 3
Assignment 4
Assignment 5
Assignment 6
Assignment 7
Assignment 8
Assignment 9
Assignment 10
Exam 1
Total
Assignment 1
Assignment 2
Assignment 3
Assignment 4
Assignment 5
Assignment 6
Exam 1
Exam 2
Exam 3
Total
Assignment 1
Assignment 2
Assignment 3
Assignment 4
Assignment 5
Assignment 6
Assignment 7
Assignment 8
Assignment 9
Exam 1
Total
Assignment 1
Assignment 2
Assignment 3
Exam 1
Exam 2
Exam 3
Total
Assignment 1
Assignment 2
Assignment 3
Assignment 4
Assignment 5
Assignment 6
Assignment 7
Assignment 8
Exam 1
Exam 2
Exam 3
Total
Assignment 1
Assignment 2
Assignment 3
Exam 1
Exam 2
Exam 3
Total
Assignment 1
Assignment 2
Assignment 3
Assignment 4
Assignment 5
Assignment 6
Assignment 7
Assignment 8
Exam 1
Total
Assignment 1
Assignment 2
Assignment 3
Assignment 4
Assignment 5
Exam 1
Exam 2
Total
Assignment 1
Assignment 2
Assignment 3
Exam 1
Exam 2
Exam 3
Exam 4
Total
Assignment 1
Assignment 2
Assignment 3
Assignment 4
Assignment 5
Assignment 6
Assignment 7
Exam 1
Total
Assignment 1
Assignment 2
Assignment 3
Assignment 4
Assignment 5
Assignment 6
Assignment 7
Assignment 8
Assignment 9
Assignment 10
Exam 1
Exam 2
Exam 3
Total
Assignment 1
Assignment 2
Assignment 3
Assignment 4
Assignment 5
Assignment 6
Assignment 7
Assignment 8
Assignment 9
Assignment 10
Exam 1
Exam 2
Total
Assignment 1
Assignment 2
Assignment 3
Exam 1
Total
Assignment 1
Assignment 2
Assignment 3
Assignment 4
Assignment 5
Assignment 6
Assignment 7
Assignment 8
Assignment 9
Assignment 10
Exam 1
Total
Assignment 1
Assignment 2
Assignment 3
Exam 1
Exam 2
Exam 3
Total
Assignment 1
Assignment 2
Exam 1
Exam 2
Exam 3
Total
Assignment 1
Assignment 2
Assignment 3
Assignment 4
Assignment 5
Exam 1
Total
Assignment 1
Assignment 2
Assignment 3
Assignment 4
Assignment 5
Assignment 6
Assignment 7
Assignment 8
Assignment 9
Exam 1
Total
Assignment 1
Assignment 2
Assignment 3
Assignment 4
Assignment 5
Assignment 6
Exam 1
Exam 2
Exam 3
Total
Assignment 1
Assignment 2
Assignment 3
Assignment 4
Assignment 5
Assignment 6
Assignment 7
Assignment 8
Assignment 9
Assignment 10
Exam 1
Exam 2
Exam 3
Total
Assignment 1
Assignment 2
Assignment 3
Assignment 4
Assignment 5
Assignment 6
Exam 1
Exam 2
Total
Assignment 1
Assignment 2
Assignment 3
Assignment 4
Exam 1
Exam 2
Total
Assignment 1
Assignment 2
Assignment 3
Assignment 4
Exam 1
Exam 2
Exam 3
Total
Assignment 1
Assignment 2
Assignment 3
Exam 1
Exam 2
Total
Assignment 1
Assignment 2
Assignment 3
Assignment 4
Assignment 5
Assignment 6
Exam 1
Exam 2
Total
Assignment 1
Assignment 2
Assignment 3
Assignment 4
Assignment 5
Assignment 6
Assignment 7
Assignment 8
Assignment 9
Assignment 10
Exam 1
Total
Assignment 1
Assignment 2
Assignment 3
Assignment 4
Assignment 5
Assignment 6
Exam 1
Exam 2
Exam 3
Total
Assignment 1
Assignment 2
Assignment 3
Assignment 4
Assignment 5
Assignment 6
Assignment 7
Assignment 8
Assignment 9
Exam 1
Total
Assignment 1
Assignment 2
Assignment 3
Exam 1
Exam 2
Exam 3
Total
Assignment 1
Assignment 2
Assignment 3
Assignment 4
Assignment 5
Assignment 6
Assignment 7
Assignment 8
Exam 1
Exam 2
Exam 3
Total
Assignment 1
Assignment 2
Assignment 3
Exam 1
Exam 2
Exam 3
Total
Assignment 1
Assignment 2
Assignment 3
Assignment 4
Assignment 5
Assignment 6
Assignment 7
Assignment 8
Exam 1
Total
Assignment 1
Assignment 2
Assignment 3
Assignment 4
Assignment 5
Exam 1
Exam 2
Total
Assignment 1
Assignment 2
Assignment 3
Exam 1
Exam 2
Exam 3
Exam 4
Total
Assignment 1
Assignment 2
Assignment 3
Assignment 4
Assignment 5
Assignment 6
Assignment 7
Exam 1
Total
Assignment 1
Assignment 2
Assignment 3
Assignment 4
Assignment 5
Assignment 6
Assignment 7
Assignment 8
Assignment 9
Assignment 10
Exam 1
Exam 2
Exam 3
Total
Assignment 1
Assignment 2
Assignment 3
Assignment 4
Assignment 5
Assignment 6
Assignment 7
Assignment 8
Assignment 9
Assignment 10
Exam 1
Exam 2
Total
Assignment 1
Assignment 2
Assignment 3
Exam 1
Total
Assignment 1
Assignment 2
Assignment 3
Assignment 4
Assignment 5
Assignment 6
Assignment 7
Assignment 8
Assignment 9
Assignment 10
Exam 1
Total
Assignment 1
Assignment 2
Assignment 3
Exam 1
Exam 2
Exam 3
Total
Assignment 1
Assignment 2
Exam 1
Exam 2
Exam 3
Total
Assignment 1
Assignment 2
Assignment 3
Assignment 4
Assignment 5
Exam 1
Total
Assignment 1
Assignment 2
Assignment 3
Assignment 4
Assignment 5
Assignment 6
Assignment 7
Assignment 8
Assignment 9
Exam 1
Total
Assignment 1
Assignment 2
Assignment 3
Assignment 4
Assignment 5
Assignment 6
Exam 1
Exam 2
Exam 3
Total
Assignment 1
Assignment 2
Assignment 3
Assignment 4
Assignment 5
Assignment 6
Assignment 7
Assignment 8
Assignment 9
Assignment 10
Exam 1
Exam 2
Exam 3
Total
Assignment 1
Assignment 2
Assignment 3
Assignment 4
Assignment 5
Assignment 6
Exam 1
Exam 2
Total
Assignment 1
Assignment 2
Assignment 3
Assignment 4
Exam 1
Exam 2
Total
Assignment 1
Assignment 2
Assignment 3
Assignment 4
Exam 1
Exam 2
Exam 3
Total
Assignment 1
Assignment 2
Assignment 3
Exam 1
Exam 2
Total
Assignment 1
Assignment 2
Assignment 3
Assignment 4
Assignment 5
Assignment 6
Exam 1
Exam 2
Total
Assignment 1
Assignment 2
Assignment 3
Assignment 4
Assignment 5
Assignment 6
Assignment 7
Assignment 8
Assignment 9
Assignment 10
Exam 1
Total
Assignment 1
Assignment 2
Assignment 3
Assignment 4
Assignment 5
Assignment 6
Exam 1
Exam 2
Exam 3
Total
Assignment 1
Assignment 2
Assignment 3
Assignment 4
Assignment 5
Assignment 6
Assignment 7
Assignment 8
Assignment 9
Exam 1
Total
Assignment 1
Assignment 2
Assignment 3
Exam 1
Exam 2
Exam 3
Total
Assignment 1
Assignment 2
Assignment 3
Assignment 4
Assignment 5
Assignment 6
Assignment 7
Assignment 8
Exam 1
Exam 2
Exam 3
Total
Assignment 1
Assignment 2
Assignment 3
Exam 1
Exam 2
Exam 3
Total
Assignment 1
Assignment 2
Assignment 3
Assignment 4
Assignment 5
Assignment 6
Assignment 7
Assignment 8
Exam 1
Total
Assignment 1
Assignment 2
Assignment 3
Assignment 4
Assignment 5
Exam 1
Exam 2
Total
Assignment 1
Assignment 2
Assignment 3
Exam 1
Exam 2
Exam 3
Exam 4
Total
Assignment 1
Assignment 2
Assignment 3
Assignment 4
Assignment 5
Assignment 6
Assignment 7
Exam 1
Total
Assignment 1
Assignment 2
Assignment 3
Assignment 4
Assignment 5
Assignment 6
Assignment 7
Assignment 8
Assignment 9
Assignment 10
Exam 1
Exam 2
Exam 3
Total
Assignment 1
Assignment 2
Assignment 3
Assignment 4
Assignment 5
Assignment 6
Assignment 7
Assignment 8
Assignment 9
Assignment 10
Exam 1
Exam 2
Total
Assignment 1
Assignment 2
Assignment 3
Exam 1
Total
Assignment 1
Assignment 2
Assignment 3
Assignment 4
Assignment 5
Assignment 6
Assignment 7
Assignment 8
Assignment 9
Assignment 10
Exam 1
Total
Assignment 1
Assignment 2
Assignment 3
Exam 1
Exam 2
Exam 3
Total
Assignment 1
Assignment 2
Exam 1
Exam 2
Exam 3
Total
Assignment 1
Assignment 2
Assignment 3
Assignment 4
Assignment 5
Exam 1
Total
Assignment 1
Assignment 2
Assignment 3
Assignment 4
Assignment 5
Assignment 6
Assignment 7
Assignment 8
Assignment 9
Exam 1
Total
Assignment 1
Assignment 2
Assignment 3
Assignment 4
Assignment 5
Assignment 6
Exam 1
Exam 2
Exam 3
Total
Assignment 1
Assignment 2
Assignment 3
Assignment 4
Assignment 5
Assignment 6
Assignment 7
Assignment 8
Assignment 9
Assignment 10
Exam 1
Exam 2
Exam 3
Total
Assignment 1
Assignment 2
Assignment 3
Assignment 4
Assignment 5
Assignment 6
Exam 1
Exam 2
Total
Assignment 1
Assignment 2
Assignment 3
Assignment 4
Exam 1
Exam 2
Total
Assignment 1
Assignment 2
Assignment 3
Assignment 4
Exam 1
Exam 2
Exam 3
Total
Assignment 1
Assignment 2
Assignment 3
Exam 1
Exam 2
Total
Assignment 1
Assignment 2
Assignment 3
Assignment 4
Assignment 5
Assignment 6
Exam 1
Exam 2
Total
Assignment 1
Assignment 2
Assignment 3
Assignment 4
Assignment 5
Assignment 6
Assignment 7
Assignment 8
Assignment 9
Assignment 10
Exam 1
Total
Assignment 1
Assignment 2
Assignment 3
Assignment 4
Assignment 5
Assignment 6
Exam 1
Exam 2
Exam 3
Total
Assignment 1
Assignment 2
Assignment 3
Assignment 4
Assignment 5
Assignment 6
Assignment 7
Assignment 8
Assignment 9
Exam 1
Total
Assignment 1
Assignment 2
Assignment 3
Exam 1
Exam 2
Exam 3
Total
Assignment 1
Assignment 2
Assignment 3
Assignment 4
Assignment 5
Assignment 6
Assignment 7
Assignment 8
Exam 1
Exam 2
Exam 3
Total
Assignment 1
Assignment 2
Assignment 3
Exam 1
Exam 2
Exam 3
Total
Assignment 1
Assignment 2
Assignment 3
Assignment 4
Assignment 5
Assignment 6
Assignment 7
Assignment 8
Exam 1
Total
Assignment 1
Assignment 2
Assignment 3
Assignment 4
Assignment 5
Exam 1
Exam 2
Total
Assignment 1
Assignment 2
Assignment 3
Exam 1
Exam 2
Exam 3
Exam 4
Total
Assignment 1
Assignment 2
Assignment 3
Assignment 4
Assignment 5
Assignment 6
Assignment 7
Exam 1
Total
Assignment 1
Assignment 2
Assignment 3
Assignment 4
Assignment 5
Assignment 6
Assignment 7
Assignment 8
Assignment 9
Assignment 10
Exam 1
Exam 2
Exam 3
Total
Assignment 1
Assignment 2
Assignment 3
Assignment 4
Assignment 5
Assignment 6
Assignment 7
Assignment 8
Assignment 9
Assignment 10
Exam 1
Exam 2
Total
Assignment 1
Assignment 2
Assignment 3
Exam 1
Total
Assignment 1
Assignment 2
Assignment 3
Assignment 4
Assignment 5
Assignment 6
Assignment 7
Assignment 8
Assignment 9
Assignment 10
Exam 1
Total
Assignment 1
Assignment 2
Assignment 3
Exam 1
Exam 2
Exam 3
Total
Assignment 1
Assignment 2
Exam 1
Exam 2
Exam 3
Total
Assignment 1
Assignment 2
Assignment 3
Assignment 4
Assignment 5
Exam 1
Total
Assignment 1
Assignment 2
Assignment 3
Assignment 4
Assignment 5
Assignment 6
Assignment 7
Assignment 8
Assignment 9
Exam 1
Total
Assignment 1
Assignment 2
Assignment 3
Assignment 4
Assignment 5
Assignment 6
Exam 1
Exam 2
Exam 3
Total
Assignment 1
Assignment 2
Assignment 3
Assignment 4
Assignment 5
Assignment 6
Assignment 7
Assignment 8
Assignment 9
Assignment 10
Exam 1
Exam 2
Exam 3
Total
Assignment 1
Assignment 2
Assignment 3
Assignment 4
Assignment 5
Assignment 6
Exam 1
Exam 2
Total
Assignment 1
Assignment 2
Assignment 3
Assignment 4
Exam 1
Exam 2
Total
Assignment 1
Assignment 2
Assignment 3
Assignment 4
Exam 1
Exam 2
Exam 3
Total
Assignment 1
Assignment 2
Assignment 3
Exam 1
Exam 2
Total
Assignment 1
Assignment 2
Assignment 3
Assignment 4
Assignment 5
Assignment 6
Exam 1
Exam 2
Total
Assignment 1
Assignment 2
Assignment 3
Assignment 4
Assignment 5
Assignment 6
Assignment 7
Assignment 8
Assignment 9
Assignment 10
Exam 1
Total
Assignment 1
Assignment 2
Assignment 3
Assignment 4
Assignment 5
Assignment 6
Exam 1
Exam 2
Exam 3
Total
Assignment 1
Assignment 2
Assignment 3
Assignment 4
Assignment 5
Assignment 6
Assignment 7
Assignment 8
Assignment 9
Exam 1
Total
Assignment 1
Assignment 2
Assignment 3
Exam 1
Exam 2
Exam 3
Total
Assignment 1
Assignment 2
Assignment 3
Assignment 4
Assignment 5
Assignment 6
Assignment 7
Assignment 8
Exam 1
Exam 2
Exam 3
Total
Assignment 1
Assignment 2
Assignment 3
Exam 1
Exam 2
Exam 3
Total
Assignment 1
Assignment 2
Assignment 3
Assignment 4
Assignment 5
Assignment 6
Assignment 7
Assignment 8
Exam 1
Total
Assignment 1
Assignment 2
Assignment 3
Assignment 4
Assignment 5
Exam 1
Exam 2
Total
Assignment 1
Assignment 2
Assignment 3
Exam 1
Exam 2
Exam 3
Exam 4
Total
Assignment 1
Assignment 2
Assignment 3
Assignment 4
Assignment 5
Assignment 6
Assignment 7
Exam 1
Total
Assignment 1
Assignment 2
Assignment 3
Assignment 4
Assignment 5
Assignment 6
Assignment 7
Assignment 8
Assignment 9
Assignment 10
Exam 1
Exam 2
Exam 3
Total
Assignment 1
Assignment 2
Assignment 3
Assignment 4
Assignment 5
Assignment 6
Assignment 7
Assignment 8
Assignment 9
Assignment 10
Exam 1
Exam 2
Total
Assignment 1
Assignment 2
Assignment 3
Exam 1
Total
Assignment 1
Assignment 2
Assignment 3
Assignment 4
Assignment 5
Assignment 6
Assignment 7
Assignment 8
Assignment 9
Assignment 10
Exam 1
Total
Assignment 1
Assignment 2
Assignment 3
Exam 1
Exam 2
Exam 3
Total
Assignment 1
Assignment 2
Exam 1
Exam 2
Exam 3
Total
Assignment 1
Assignment 2
Assignment 3
Assignment 4
Assignment 5
Exam 1
Total
Assignment 1
Assignment 2
Assignment 3
Assignment 4
Assignment 5
Assignment 6
Assignment 7
Assignment 8
Assignment 9
Exam 1
Total
Assignment 1
Assignment 2
Assignment 3
Assignment 4
Assignment 5
Assignment 6
Exam 1
Exam 2
Exam 3
Total
Assignment 1
Assignment 2
Assignment 3
Assignment 4
Assignment 5
Assignment 6
Assignment 7
Assignment 8
Assignment 9
Assignment 10
Exam 1
Exam 2
Exam 3
Total
Assignment 1
Assignment 2
Assignment 3
Assignment 4
Assignment 5
Assignment 6
Exam 1
Exam 2
Total
Assignment 1
Assignment 2
Assignment 3
Assignment 4
Exam 1
Exam 2
Total
Assignment 1
Assignment 2
Assignment 3
Assignment 4
Exam 1
Exam 2
Exam 3
Total
Assignment 1
Assignment 2
Assignment 3
Exam 1
Exam 2
Total
Assignment 1
Assignment 2
Assignment 3
Assignment 4
Assignment 5
Assignment 6
Exam 1
Exam 2
Total
Assignment 1
Assignment 2
Assignment 3
Assignment 4
Assignment 5
Assignment 6
Assignment 7
Assignment 8
Assignment 9
Assignment 10
Exam 1
Total
Assignment 1
Assignment 2
Assignment 3
Assignment 4
Assignment 5
Assignment 6
Exam 1
Exam 2
Exam 3
Total
Assignment 1
Assignment 2
Assignment 3
Assignment 4
Assignment 5
Assignment 6
Assignment 7
Assignment 8
Assignment 9
Exam 1
Total
Assignment 1
Assignment 2
Assignment 3
Exam 1
Exam 2
Exam 3
Total
Assignment 1
Assignment 2
Assignment 3
Assignment 4
Assignment 5
Assignment 6
Assignment 7
Assignment 8
Exam 1
Exam 2
Exam 3
Total
Assignment 1
Assignment 2
Assignment 3
Exam 1
Exam 2
Exam 3
Total
Assignment 1
Assignment 2
Assignment 3
Assignment 4
Assignment 5
Assignment 6
Assignment 7
Assignment 8
Exam 1
Total
Assignment 1
Assignment 2
Assignment 3
Assignment 4
Assignment 5
Exam 1
Exam 2
Total
Assignment 1
Assignment 2
Assignment 3
Exam 1
Exam 2
Exam 3
Exam 4
Total
Assignment 1
Assignment 2
Assignment 3
Assignment 4
Assignment 5
Assignment 6
Assignment 7
Exam 1
Total
Assignment 1
Assignment 2
Assignment 3
Assignment 4
Assignment 5
Assignment 6
Assignment 7
Assignment 8
Assignment 9
Assignment 10
Exam 1
Exam 2
Exam 3
Total
Assignment 1
Assignment 2
Assignment 3
Assignment 4
Assignment 5
Assignment 6
Assignment 7
Assignment 8
Assignment 9
Assignment 10
Exam 1
Exam 2
Total
Assignment 1
Assignment 2
Assignment 3
Exam 1
Total
Assignment 1
Assignment 2
Assignment 3
Assignment 4
Assignment 5
Assignment 6
Assignment 7
Assignment 8
Assignment 9
Assignment 10
Exam 1
Total
Assignment 1
Assignment 2
Assignment 3
Exam 1
Exam 2
Exam 3
Total
Assignment 1
Assignment 2
Exam 1
Exam 2
Exam 3
Total
Assignment 1
Assignment 2
Assignment 3
Assignment 4
Assignment 5
Exam 1
Total
Assignment 1
Assignment 2
Assignment 3
Assignment 4
Assignment 5
Assignment 6
Assignment 7
Assignment 8
Assignment 9
Exam 1
Total
Assignment 1
Assignment 2
Assignment 3
Assignment 4
Assignment 5
Assignment 6
Exam 1
Exam 2
Exam 3
Total
Assignment 1
Assignment 2
Assignment 3
Assignment 4
Assignment 5
Assignment 6
Assignment 7
Assignment 8
Assignment 9
Assignment 10
Exam 1
Exam 2
Exam 3
Total
Assignment 1
Assignment 2
Assignment 3
Assignment 4
Assignment 5
Assignment 6
Exam 1
Exam 2
Total
Assignment 1
Assignment 2
Assignment 3
Assignment 4
Exam 1
Exam 2
Total
Assignment 1
Assignment 2
Assignment 3
Assignment 4
Exam 1
Exam 2
Exam 3
Total
Assignment 1
Assignment 2
Assignment 3
Exam 1
Exam 2
Total
Assignment 1
Assignment 2
Assignment 3
Assignment 4
Assignment 5
Assignment 6
Exam 1
Exam 2
Total
Assignment 1
Assignment 2
Assignment 3
Assignment 4
Assignment 5
Assignment 6
Assignment 7
Assignment 8
Assignment 9
Assignment 10
Exam 1
Total
Assignment 1
Assignment 2
Assignment 3
Assignment 4
Assignment 5
Assignment 6
Exam 1
Exam 2
Exam 3
]]></system-out>
  <system-err><![CDATA[]]></system-err>
</testsuite>
